This file contains any messages produced by compilers while
running configure, to aid debugging if configure makes a mistake.

It was created by libtracethreat_nrml configure 1, which was
generated by GNU Autoconf 2.68.  Invocation command line was

  $ ./configure LDFLAGS=-Wl,--no-as-needed -L/home/chatsiri/workspacecpp/gtest-1.6.0/lib -L/home/chatsiri/sda1/workspacecpp/boost_1_57_0/stage/lib -L/usr/lib64 -L/home/chatsiri/sda1/workspacecpp/google-glog/build/lib -L/home/chatsiri/sda1/workspacecpp/rocksdb/ -L/home/chatsiri/sda1/workspacecpp/folly/folly/build/lib -lfolly  -Wl,-rpath,/home/chatsiri/sda1/workspacecpp/boost_1_57_0/stage/lib -L/home/chatsiri/sda1/workspacecpp/mongo-cxx-driver/build/lib -L/home/chatsiri/sda1/workspacecpp/thrift/build/lib -L/home/chatsiri/sda1/workspacecpp/gflags/build/lib CPPFLAGS=-I/home/chatsiri/workspacecpp/gtest-1.6.0/include -I/home/chatsiri/sda1/workspacecpp/boost_1_57_0/ -I/home/chatsiri/sda1/workspacecpp/google-glog/build/include -I/home/chatsiri/sda1/workspacecpp/rocksdb/include -I/home/chatsiri/sda1/workspacecpp/folly -I/home/chatsiri/sda1/workspacecpp/treadstoneproject/tracethreat_nrml/src -I/home/chatsiri/sda1/workspacecpp/mongo-cxx-driver/build/include -I/home/chatsiri/sda1/workspacecpp/thrift/lib/cpp/src -I/home/chatsiri/sda1/workspacecpp/gflags/build/include

## --------- ##
## Platform. ##
## --------- ##

hostname = chatsiri-ThinkPad-T420s
uname -m = x86_64
uname -r = 3.2.0-29-generic
uname -s = Linux
uname -v = #46-Ubuntu SMP Fri Jul 27 17:03:23 UTC 2012

/usr/bin/uname -p = unknown
/bin/uname -X     = unknown

/bin/arch              = unknown
/usr/bin/arch -k       = unknown
/usr/convex/getsysinfo = unknown
/usr/bin/hostinfo      = unknown
/bin/machine           = unknown
/usr/bin/oslevel       = unknown
/bin/universe          = unknown

PATH: /home/chatsiri/Downloads/hexrays_ida/idasdk61/bin
PATH: /home/chatsiri/Downloads/autossh-1.4c/build/bin
PATH: /home/chatsiri/Downloads/cuda4.2.9/cuda/bin
PATH: /home/chatsiri/workspacecpp/glew-1.7.0/bin
PATH: /home/chatsiri/sda1/texlive/2011/bin/x86_64-linux
PATH: /usr/lib/lightdm/lightdm
PATH: /usr/local/sbin
PATH: /usr/local/bin
PATH: /usr/sbin
PATH: /usr/bin
PATH: /sbin
PATH: /bin
PATH: /usr/games
PATH: /home/chatsiri/Downloads/scala/scala/build/quick/bin
PATH: /home/chatsiri/Downloads/maven/apache-maven-3.0.4/bin
PATH: /home/chatsiri/Downloads/scala/jdk1.6.0_32/jre/bin
PATH: /home/chatsiri/Downloads/ant/apache-ant-1.8.4/bin
PATH: /home/chatsiri/Downloads/rsync-3.0.9/build/bin
PATH: /home/chatsiri/sda1/workspacescala/emacs/src
PATH: /home/chatsiri/Downloads/firefox
PATH: /home/chatsiri/Downloads/astyle/build/gcc/bin
PATH: /home/chatsiri/.cabal/bin
PATH: /home/chatsiri/workspacehaskell/haskell-platform-2012.2.0.0/build/bin
PATH: /home/chatsiri/Downloads/openmpi/openmpi-1.6/build/bin
PATH: /home/chatsiri/Downloads/openssl-1.0.0k/build/bin
PATH: /home/chatsiri/Downloads/play-2.2.4
PATH: /home/chatsiri/Downloads/g8
PATH: /home/chatsiri/workspacecpp/valgrind-3.7.0/build/bin
PATH: /home/chatsiri/Downloads/smartgit-3_0_10/bin
PATH: /home/chatsiri/Downloads/doxygen-svn/build/bin
PATH: /home/chatsiri/Downloads/dev_gcc/crosstool-ng-1.9.3/build/bin
PATH: /usr/local/Qt-5.0.2/bin
PATH: /home/chatsiri/sda1/workspacecpp/qt-creator/bin
PATH: /home/chatsiri/workspacecpp/check-0.9.9/build/bin
PATH: /home/chatsiri/sda1/workspacehadoop/hadoop-1.1.1/bin
PATH: /home/chatsiri/sda1/workspacehadoop/sqoop-1.4.0-incubating/bin
PATH: /usr/local/mysql/bin
PATH: /home/chatsiri/sda1/texlive/2012/bin/x86_64-linux
PATH: /home/chatsiri/sda1/workspaceerlang/otp_src_R16B01/bin
PATH: /home/chatsiri/sda1/workspaceerlang/rebar
PATH: /home/chatsiri/sda1/workspacemalware/git_nasm/build/bin
PATH: /home/chatsiri/sda1/workspacemalware/fasm/
PATH: /home/chatsiri/sda1/workspacerust/x86_64-unknown-linux-gnu/stage2/bin
PATH: /home/chatsiri/workspacemalware/pyew
PATH: /home/chatsiri/sda1/workspacemalware/yara-project/build/bin
PATH: /home/chatsiri/sda1/workspacenode/nodejs_source/build/bin
PATH: /home/chatsiri/sda1/workspacecpp/valgrind-3.9.0/build/bin
PATH: /home/chatsiri/sda1/workspacereverseeng/radare2/bin_build/bin
PATH: /home/chatsiri/sda1/workspacecpp/clang/build/Debug+Asserts/bin
PATH: /home/chatsiri/sda1/workspacecpp/fbthrift/thrift/bin
PATH: /home/chatsiri/sda1/workspacecpp/treadstoneproject/gradle-2.2.1/bin
PATH: /home/chatsiri/sda1/workspacecpp/capnproto/c++/build/bin


## ----------- ##
## Core tests. ##
## ----------- ##

configure:2272: checking for a BSD-compatible install
configure:2340: result: /usr/bin/install -c
configure:2351: checking whether build environment is sane
configure:2401: result: yes
configure:2542: checking for a thread-safe mkdir -p
configure:2581: result: /bin/mkdir -p
configure:2594: checking for gawk
configure:2610: found /usr/bin/gawk
configure:2621: result: gawk
configure:2632: checking whether make sets $(MAKE)
configure:2654: result: yes
configure:2903: checking for C++ compiler version
configure:2912: g++-4.8 --version >&5
g++-4.8 (Ubuntu 4.8.1-2ubuntu1~12.04) 4.8.1
Copyright (C) 2013 Free Software Foundation, Inc.
This is free software; see the source for copying conditions.  There is NO
warranty; not even for MERCHANTABILITY or FITNESS FOR A PARTICULAR PURPOSE.

configure:2923: $? = 0
configure:2912: g++-4.8 -v >&5
Using built-in specs.
COLLECT_GCC=g++-4.8
COLLECT_LTO_WRAPPER=/usr/lib/gcc/x86_64-linux-gnu/4.8/lto-wrapper
Target: x86_64-linux-gnu
Configured with: ../src/configure -v --with-pkgversion='Ubuntu 4.8.1-2ubuntu1~12.04' --with-bugurl=file:///usr/share/doc/gcc-4.8/README.Bugs --enable-languages=c,c++,java,go,d,fortran,objc,obj-c++ --prefix=/usr --program-suffix=-4.8 --enable-shared --enable-linker-build-id --libexecdir=/usr/lib --without-included-gettext --enable-threads=posix --with-gxx-include-dir=/usr/include/c++/4.8 --libdir=/usr/lib --enable-nls --with-sysroot=/ --enable-clocale=gnu --enable-libstdcxx-debug --enable-libstdcxx-time=yes --enable-gnu-unique-object --enable-plugin --with-system-zlib --disable-browser-plugin --enable-java-awt=gtk --enable-gtk-cairo --with-java-home=/usr/lib/jvm/java-1.5.0-gcj-4.8-amd64/jre --enable-java-home --with-jvm-root-dir=/usr/lib/jvm/java-1.5.0-gcj-4.8-amd64 --with-jvm-jar-dir=/usr/lib/jvm-exports/java-1.5.0-gcj-4.8-amd64 --with-arch-directory=amd64 --with-ecj-jar=/usr/share/java/eclipse-ecj.jar --enable-objc-gc --enable-multiarch --disable-werror --with-arch-32=i686 --with-abi=m64 --with-multilib-list=m32,m64 --with-tune=generic --enable-checking=release --build=x86_64-linux-gnu --host=x86_64-linux-gnu --target=x86_64-linux-gnu
Thread model: posix
gcc version 4.8.1 (Ubuntu 4.8.1-2ubuntu1~12.04) 
configure:2923: $? = 0
configure:2912: g++-4.8 -V >&5
g++-4.8: error: unrecognized command line option '-V'
g++-4.8: fatal error: no input files
compilation terminated.
configure:2923: $? = 4
configure:2912: g++-4.8 -qversion >&5
g++-4.8: error: unrecognized command line option '-qversion'
g++-4.8: fatal error: no input files
compilation terminated.
configure:2923: $? = 4
configure:2943: checking whether the C++ compiler works
configure:2965: g++-4.8  -I/home/chatsiri/workspacecpp/gtest-1.6.0/include -I/home/chatsiri/sda1/workspacecpp/boost_1_57_0/ -I/home/chatsiri/sda1/workspacecpp/google-glog/build/include -I/home/chatsiri/sda1/workspacecpp/rocksdb/include -I/home/chatsiri/sda1/workspacecpp/folly -I/home/chatsiri/sda1/workspacecpp/treadstoneproject/tracethreat_nrml/src -I/home/chatsiri/sda1/workspacecpp/mongo-cxx-driver/build/include -I/home/chatsiri/sda1/workspacecpp/thrift/lib/cpp/src -I/home/chatsiri/sda1/workspacecpp/gflags/build/include -Wl,--no-as-needed -L/home/chatsiri/workspacecpp/gtest-1.6.0/lib -L/home/chatsiri/sda1/workspacecpp/boost_1_57_0/stage/lib -L/usr/lib64 -L/home/chatsiri/sda1/workspacecpp/google-glog/build/lib -L/home/chatsiri/sda1/workspacecpp/rocksdb/ -L/home/chatsiri/sda1/workspacecpp/folly/folly/build/lib -lfolly  -Wl,-rpath,/home/chatsiri/sda1/workspacecpp/boost_1_57_0/stage/lib -L/home/chatsiri/sda1/workspacecpp/mongo-cxx-driver/build/lib -L/home/chatsiri/sda1/workspacecpp/thrift/build/lib -L/home/chatsiri/sda1/workspacecpp/gflags/build/lib conftest.cpp  >&5
configure:2969: $? = 0
configure:3017: result: yes
configure:3020: checking for C++ compiler default output file name
configure:3022: result: a.out
configure:3028: checking for suffix of executables
configure:3035: g++-4.8 -o conftest  -I/home/chatsiri/workspacecpp/gtest-1.6.0/include -I/home/chatsiri/sda1/workspacecpp/boost_1_57_0/ -I/home/chatsiri/sda1/workspacecpp/google-glog/build/include -I/home/chatsiri/sda1/workspacecpp/rocksdb/include -I/home/chatsiri/sda1/workspacecpp/folly -I/home/chatsiri/sda1/workspacecpp/treadstoneproject/tracethreat_nrml/src -I/home/chatsiri/sda1/workspacecpp/mongo-cxx-driver/build/include -I/home/chatsiri/sda1/workspacecpp/thrift/lib/cpp/src -I/home/chatsiri/sda1/workspacecpp/gflags/build/include -Wl,--no-as-needed -L/home/chatsiri/workspacecpp/gtest-1.6.0/lib -L/home/chatsiri/sda1/workspacecpp/boost_1_57_0/stage/lib -L/usr/lib64 -L/home/chatsiri/sda1/workspacecpp/google-glog/build/lib -L/home/chatsiri/sda1/workspacecpp/rocksdb/ -L/home/chatsiri/sda1/workspacecpp/folly/folly/build/lib -lfolly  -Wl,-rpath,/home/chatsiri/sda1/workspacecpp/boost_1_57_0/stage/lib -L/home/chatsiri/sda1/workspacecpp/mongo-cxx-driver/build/lib -L/home/chatsiri/sda1/workspacecpp/thrift/build/lib -L/home/chatsiri/sda1/workspacecpp/gflags/build/lib conftest.cpp  >&5
configure:3039: $? = 0
configure:3061: result: 
configure:3083: checking whether we are cross compiling
configure:3091: g++-4.8 -o conftest  -I/home/chatsiri/workspacecpp/gtest-1.6.0/include -I/home/chatsiri/sda1/workspacecpp/boost_1_57_0/ -I/home/chatsiri/sda1/workspacecpp/google-glog/build/include -I/home/chatsiri/sda1/workspacecpp/rocksdb/include -I/home/chatsiri/sda1/workspacecpp/folly -I/home/chatsiri/sda1/workspacecpp/treadstoneproject/tracethreat_nrml/src -I/home/chatsiri/sda1/workspacecpp/mongo-cxx-driver/build/include -I/home/chatsiri/sda1/workspacecpp/thrift/lib/cpp/src -I/home/chatsiri/sda1/workspacecpp/gflags/build/include -Wl,--no-as-needed -L/home/chatsiri/workspacecpp/gtest-1.6.0/lib -L/home/chatsiri/sda1/workspacecpp/boost_1_57_0/stage/lib -L/usr/lib64 -L/home/chatsiri/sda1/workspacecpp/google-glog/build/lib -L/home/chatsiri/sda1/workspacecpp/rocksdb/ -L/home/chatsiri/sda1/workspacecpp/folly/folly/build/lib -lfolly  -Wl,-rpath,/home/chatsiri/sda1/workspacecpp/boost_1_57_0/stage/lib -L/home/chatsiri/sda1/workspacecpp/mongo-cxx-driver/build/lib -L/home/chatsiri/sda1/workspacecpp/thrift/build/lib -L/home/chatsiri/sda1/workspacecpp/gflags/build/lib conftest.cpp  >&5
configure:3095: $? = 0
configure:3102: ./conftest
configure:3106: $? = 0
configure:3121: result: no
configure:3126: checking for suffix of object files
configure:3148: g++-4.8 -c  -I/home/chatsiri/workspacecpp/gtest-1.6.0/include -I/home/chatsiri/sda1/workspacecpp/boost_1_57_0/ -I/home/chatsiri/sda1/workspacecpp/google-glog/build/include -I/home/chatsiri/sda1/workspacecpp/rocksdb/include -I/home/chatsiri/sda1/workspacecpp/folly -I/home/chatsiri/sda1/workspacecpp/treadstoneproject/tracethreat_nrml/src -I/home/chatsiri/sda1/workspacecpp/mongo-cxx-driver/build/include -I/home/chatsiri/sda1/workspacecpp/thrift/lib/cpp/src -I/home/chatsiri/sda1/workspacecpp/gflags/build/include conftest.cpp >&5
configure:3152: $? = 0
configure:3173: result: o
configure:3177: checking whether we are using the GNU C++ compiler
configure:3196: g++-4.8 -c  -I/home/chatsiri/workspacecpp/gtest-1.6.0/include -I/home/chatsiri/sda1/workspacecpp/boost_1_57_0/ -I/home/chatsiri/sda1/workspacecpp/google-glog/build/include -I/home/chatsiri/sda1/workspacecpp/rocksdb/include -I/home/chatsiri/sda1/workspacecpp/folly -I/home/chatsiri/sda1/workspacecpp/treadstoneproject/tracethreat_nrml/src -I/home/chatsiri/sda1/workspacecpp/mongo-cxx-driver/build/include -I/home/chatsiri/sda1/workspacecpp/thrift/lib/cpp/src -I/home/chatsiri/sda1/workspacecpp/gflags/build/include conftest.cpp >&5
configure:3196: $? = 0
configure:3205: result: yes
configure:3214: checking whether g++-4.8 accepts -g
configure:3234: g++-4.8 -c -g -I/home/chatsiri/workspacecpp/gtest-1.6.0/include -I/home/chatsiri/sda1/workspacecpp/boost_1_57_0/ -I/home/chatsiri/sda1/workspacecpp/google-glog/build/include -I/home/chatsiri/sda1/workspacecpp/rocksdb/include -I/home/chatsiri/sda1/workspacecpp/folly -I/home/chatsiri/sda1/workspacecpp/treadstoneproject/tracethreat_nrml/src -I/home/chatsiri/sda1/workspacecpp/mongo-cxx-driver/build/include -I/home/chatsiri/sda1/workspacecpp/thrift/lib/cpp/src -I/home/chatsiri/sda1/workspacecpp/gflags/build/include conftest.cpp >&5
configure:3234: $? = 0
configure:3275: result: yes
configure:3309: checking for style of include used by make
configure:3337: result: GNU
configure:3363: checking dependency style of g++-4.8
configure:3474: result: gcc3
configure:3491: checking dependency style of g++-4.8
configure:3602: result: gcc3
configure:3650: checking build system type
configure:3664: result: x86_64-unknown-linux-gnu
configure:3684: checking host system type
configure:3697: result: x86_64-unknown-linux-gnu
configure:3738: checking how to print strings
configure:3765: result: printf
configure:3834: checking for gcc
configure:3850: found /usr/bin/gcc
configure:3861: result: gcc
configure:4090: checking for C compiler version
configure:4099: gcc --version >&5
gcc (Ubuntu 4.8.1-2ubuntu1~12.04) 4.8.1
Copyright (C) 2013 Free Software Foundation, Inc.
This is free software; see the source for copying conditions.  There is NO
warranty; not even for MERCHANTABILITY or FITNESS FOR A PARTICULAR PURPOSE.

configure:4110: $? = 0
configure:4099: gcc -v >&5
Using built-in specs.
COLLECT_GCC=gcc
COLLECT_LTO_WRAPPER=/usr/lib/gcc/x86_64-linux-gnu/4.8/lto-wrapper
Target: x86_64-linux-gnu
Configured with: ../src/configure -v --with-pkgversion='Ubuntu 4.8.1-2ubuntu1~12.04' --with-bugurl=file:///usr/share/doc/gcc-4.8/README.Bugs --enable-languages=c,c++,java,go,d,fortran,objc,obj-c++ --prefix=/usr --program-suffix=-4.8 --enable-shared --enable-linker-build-id --libexecdir=/usr/lib --without-included-gettext --enable-threads=posix --with-gxx-include-dir=/usr/include/c++/4.8 --libdir=/usr/lib --enable-nls --with-sysroot=/ --enable-clocale=gnu --enable-libstdcxx-debug --enable-libstdcxx-time=yes --enable-gnu-unique-object --enable-plugin --with-system-zlib --disable-browser-plugin --enable-java-awt=gtk --enable-gtk-cairo --with-java-home=/usr/lib/jvm/java-1.5.0-gcj-4.8-amd64/jre --enable-java-home --with-jvm-root-dir=/usr/lib/jvm/java-1.5.0-gcj-4.8-amd64 --with-jvm-jar-dir=/usr/lib/jvm-exports/java-1.5.0-gcj-4.8-amd64 --with-arch-directory=amd64 --with-ecj-jar=/usr/share/java/eclipse-ecj.jar --enable-objc-gc --enable-multiarch --disable-werror --with-arch-32=i686 --with-abi=m64 --with-multilib-list=m32,m64 --with-tune=generic --enable-checking=release --build=x86_64-linux-gnu --host=x86_64-linux-gnu --target=x86_64-linux-gnu
Thread model: posix
gcc version 4.8.1 (Ubuntu 4.8.1-2ubuntu1~12.04) 
configure:4110: $? = 0
configure:4099: gcc -V >&5
gcc: error: unrecognized command line option '-V'
gcc: fatal error: no input files
compilation terminated.
configure:4110: $? = 4
configure:4099: gcc -qversion >&5
gcc: error: unrecognized command line option '-qversion'
gcc: fatal error: no input files
compilation terminated.
configure:4110: $? = 4
configure:4114: checking whether we are using the GNU C compiler
configure:4133: gcc -c  -I/home/chatsiri/workspacecpp/gtest-1.6.0/include -I/home/chatsiri/sda1/workspacecpp/boost_1_57_0/ -I/home/chatsiri/sda1/workspacecpp/google-glog/build/include -I/home/chatsiri/sda1/workspacecpp/rocksdb/include -I/home/chatsiri/sda1/workspacecpp/folly -I/home/chatsiri/sda1/workspacecpp/treadstoneproject/tracethreat_nrml/src -I/home/chatsiri/sda1/workspacecpp/mongo-cxx-driver/build/include -I/home/chatsiri/sda1/workspacecpp/thrift/lib/cpp/src -I/home/chatsiri/sda1/workspacecpp/gflags/build/include conftest.c >&5
configure:4133: $? = 0
configure:4142: result: yes
configure:4151: checking whether gcc accepts -g
configure:4171: gcc -c -g -I/home/chatsiri/workspacecpp/gtest-1.6.0/include -I/home/chatsiri/sda1/workspacecpp/boost_1_57_0/ -I/home/chatsiri/sda1/workspacecpp/google-glog/build/include -I/home/chatsiri/sda1/workspacecpp/rocksdb/include -I/home/chatsiri/sda1/workspacecpp/folly -I/home/chatsiri/sda1/workspacecpp/treadstoneproject/tracethreat_nrml/src -I/home/chatsiri/sda1/workspacecpp/mongo-cxx-driver/build/include -I/home/chatsiri/sda1/workspacecpp/thrift/lib/cpp/src -I/home/chatsiri/sda1/workspacecpp/gflags/build/include conftest.c >&5
configure:4171: $? = 0
configure:4212: result: yes
configure:4229: checking for gcc option to accept ISO C89
configure:4293: gcc  -c -g -O2 -I/home/chatsiri/workspacecpp/gtest-1.6.0/include -I/home/chatsiri/sda1/workspacecpp/boost_1_57_0/ -I/home/chatsiri/sda1/workspacecpp/google-glog/build/include -I/home/chatsiri/sda1/workspacecpp/rocksdb/include -I/home/chatsiri/sda1/workspacecpp/folly -I/home/chatsiri/sda1/workspacecpp/treadstoneproject/tracethreat_nrml/src -I/home/chatsiri/sda1/workspacecpp/mongo-cxx-driver/build/include -I/home/chatsiri/sda1/workspacecpp/thrift/lib/cpp/src -I/home/chatsiri/sda1/workspacecpp/gflags/build/include conftest.c >&5
configure:4293: $? = 0
configure:4306: result: none needed
configure:4328: checking dependency style of gcc
configure:4439: result: gcc3
configure:4456: checking dependency style of gcc
configure:4567: result: gcc3
configure:4582: checking for a sed that does not truncate output
configure:4646: result: /bin/sed
configure:4664: checking for grep that handles long lines and -e
configure:4722: result: /bin/grep
configure:4727: checking for egrep
configure:4789: result: /bin/grep -E
configure:4794: checking for fgrep
configure:4856: result: /bin/grep -F
configure:4891: checking for ld used by gcc
configure:4958: result: /usr/bin/ld
configure:4965: checking if the linker (/usr/bin/ld) is GNU ld
configure:4980: result: yes
configure:4992: checking for BSD- or MS-compatible name lister (nm)
configure:5041: result: /usr/bin/nm -B
configure:5171: checking the name lister (/usr/bin/nm -B) interface
configure:5178: gcc -c -g -O2 -I/home/chatsiri/workspacecpp/gtest-1.6.0/include -I/home/chatsiri/sda1/workspacecpp/boost_1_57_0/ -I/home/chatsiri/sda1/workspacecpp/google-glog/build/include -I/home/chatsiri/sda1/workspacecpp/rocksdb/include -I/home/chatsiri/sda1/workspacecpp/folly -I/home/chatsiri/sda1/workspacecpp/treadstoneproject/tracethreat_nrml/src -I/home/chatsiri/sda1/workspacecpp/mongo-cxx-driver/build/include -I/home/chatsiri/sda1/workspacecpp/thrift/lib/cpp/src -I/home/chatsiri/sda1/workspacecpp/gflags/build/include conftest.c >&5
configure:5181: /usr/bin/nm -B "conftest.o"
configure:5184: output
0000000000000000 B some_variable
configure:5191: result: BSD nm
configure:5194: checking whether ln -s works
configure:5198: result: yes
configure:5206: checking the maximum length of command line arguments
configure:5336: result: 1572864
configure:5353: checking whether the shell understands some XSI constructs
configure:5363: result: yes
configure:5367: checking whether the shell understands "+="
configure:5373: result: yes
configure:5408: checking how to convert x86_64-unknown-linux-gnu file names to x86_64-unknown-linux-gnu format
configure:5448: result: func_convert_file_noop
configure:5455: checking how to convert x86_64-unknown-linux-gnu file names to toolchain format
configure:5475: result: func_convert_file_noop
configure:5482: checking for /usr/bin/ld option to reload object files
configure:5489: result: -r
configure:5563: checking for objdump
configure:5579: found /usr/bin/objdump
configure:5590: result: objdump
configure:5622: checking how to recognize dependent libraries
configure:5824: result: pass_all
configure:5909: checking for dlltool
configure:5939: result: no
configure:5969: checking how to associate runtime and link libraries
configure:5996: result: printf %s\n
configure:6057: checking for ar
configure:6073: found /usr/bin/ar
configure:6084: result: ar
configure:6121: checking for archiver @FILE support
configure:6138: gcc -c -g -O2 -I/home/chatsiri/workspacecpp/gtest-1.6.0/include -I/home/chatsiri/sda1/workspacecpp/boost_1_57_0/ -I/home/chatsiri/sda1/workspacecpp/google-glog/build/include -I/home/chatsiri/sda1/workspacecpp/rocksdb/include -I/home/chatsiri/sda1/workspacecpp/folly -I/home/chatsiri/sda1/workspacecpp/treadstoneproject/tracethreat_nrml/src -I/home/chatsiri/sda1/workspacecpp/mongo-cxx-driver/build/include -I/home/chatsiri/sda1/workspacecpp/thrift/lib/cpp/src -I/home/chatsiri/sda1/workspacecpp/gflags/build/include conftest.c >&5
configure:6138: $? = 0
configure:6141: ar cru libconftest.a @conftest.lst >&5
configure:6144: $? = 0
configure:6149: ar cru libconftest.a @conftest.lst >&5
ar: conftest.o: No such file or directory
configure:6152: $? = 1
configure:6164: result: @
configure:6222: checking for strip
configure:6238: found /usr/bin/strip
configure:6249: result: strip
configure:6321: checking for ranlib
configure:6337: found /usr/bin/ranlib
configure:6348: result: ranlib
configure:6450: checking command to parse /usr/bin/nm -B output from gcc object
configure:6570: gcc -c -g -O2 -I/home/chatsiri/workspacecpp/gtest-1.6.0/include -I/home/chatsiri/sda1/workspacecpp/boost_1_57_0/ -I/home/chatsiri/sda1/workspacecpp/google-glog/build/include -I/home/chatsiri/sda1/workspacecpp/rocksdb/include -I/home/chatsiri/sda1/workspacecpp/folly -I/home/chatsiri/sda1/workspacecpp/treadstoneproject/tracethreat_nrml/src -I/home/chatsiri/sda1/workspacecpp/mongo-cxx-driver/build/include -I/home/chatsiri/sda1/workspacecpp/thrift/lib/cpp/src -I/home/chatsiri/sda1/workspacecpp/gflags/build/include conftest.c >&5
configure:6573: $? = 0
configure:6577: /usr/bin/nm -B conftest.o \| sed -n -e 's/^.*[ ]\([ABCDGIRSTW][ABCDGIRSTW]*\)[ ][ ]*\([_A-Za-z][_A-Za-z0-9]*\)$/\1 \2 \2/p' | sed '/ __gnu_lto/d' \> conftest.nm
configure:6580: $? = 0
configure:6646: gcc -o conftest -g -O2 -I/home/chatsiri/workspacecpp/gtest-1.6.0/include -I/home/chatsiri/sda1/workspacecpp/boost_1_57_0/ -I/home/chatsiri/sda1/workspacecpp/google-glog/build/include -I/home/chatsiri/sda1/workspacecpp/rocksdb/include -I/home/chatsiri/sda1/workspacecpp/folly -I/home/chatsiri/sda1/workspacecpp/treadstoneproject/tracethreat_nrml/src -I/home/chatsiri/sda1/workspacecpp/mongo-cxx-driver/build/include -I/home/chatsiri/sda1/workspacecpp/thrift/lib/cpp/src -I/home/chatsiri/sda1/workspacecpp/gflags/build/include -Wl,--no-as-needed -L/home/chatsiri/workspacecpp/gtest-1.6.0/lib -L/home/chatsiri/sda1/workspacecpp/boost_1_57_0/stage/lib -L/usr/lib64 -L/home/chatsiri/sda1/workspacecpp/google-glog/build/lib -L/home/chatsiri/sda1/workspacecpp/rocksdb/ -L/home/chatsiri/sda1/workspacecpp/folly/folly/build/lib -lfolly  -Wl,-rpath,/home/chatsiri/sda1/workspacecpp/boost_1_57_0/stage/lib -L/home/chatsiri/sda1/workspacecpp/mongo-cxx-driver/build/lib -L/home/chatsiri/sda1/workspacecpp/thrift/build/lib -L/home/chatsiri/sda1/workspacecpp/gflags/build/lib conftest.c conftstm.o >&5
configure:6649: $? = 0
configure:6687: result: ok
configure:6724: checking for sysroot
configure:6754: result: no
configure:6831: gcc -c -g -O2 -I/home/chatsiri/workspacecpp/gtest-1.6.0/include -I/home/chatsiri/sda1/workspacecpp/boost_1_57_0/ -I/home/chatsiri/sda1/workspacecpp/google-glog/build/include -I/home/chatsiri/sda1/workspacecpp/rocksdb/include -I/home/chatsiri/sda1/workspacecpp/folly -I/home/chatsiri/sda1/workspacecpp/treadstoneproject/tracethreat_nrml/src -I/home/chatsiri/sda1/workspacecpp/mongo-cxx-driver/build/include -I/home/chatsiri/sda1/workspacecpp/thrift/lib/cpp/src -I/home/chatsiri/sda1/workspacecpp/gflags/build/include conftest.c >&5
configure:6834: $? = 0
configure:7010: checking for mt
configure:7026: found /bin/mt
configure:7037: result: mt
configure:7060: checking if mt is a manifest tool
configure:7066: mt '-?'
configure:7074: result: no
configure:7716: checking how to run the C preprocessor
configure:7747: gcc -E -I/home/chatsiri/workspacecpp/gtest-1.6.0/include -I/home/chatsiri/sda1/workspacecpp/boost_1_57_0/ -I/home/chatsiri/sda1/workspacecpp/google-glog/build/include -I/home/chatsiri/sda1/workspacecpp/rocksdb/include -I/home/chatsiri/sda1/workspacecpp/folly -I/home/chatsiri/sda1/workspacecpp/treadstoneproject/tracethreat_nrml/src -I/home/chatsiri/sda1/workspacecpp/mongo-cxx-driver/build/include -I/home/chatsiri/sda1/workspacecpp/thrift/lib/cpp/src -I/home/chatsiri/sda1/workspacecpp/gflags/build/include conftest.c
configure:7747: $? = 0
configure:7761: gcc -E -I/home/chatsiri/workspacecpp/gtest-1.6.0/include -I/home/chatsiri/sda1/workspacecpp/boost_1_57_0/ -I/home/chatsiri/sda1/workspacecpp/google-glog/build/include -I/home/chatsiri/sda1/workspacecpp/rocksdb/include -I/home/chatsiri/sda1/workspacecpp/folly -I/home/chatsiri/sda1/workspacecpp/treadstoneproject/tracethreat_nrml/src -I/home/chatsiri/sda1/workspacecpp/mongo-cxx-driver/build/include -I/home/chatsiri/sda1/workspacecpp/thrift/lib/cpp/src -I/home/chatsiri/sda1/workspacecpp/gflags/build/include conftest.c
conftest.c:9:28: fatal error: ac_nonexistent.h: No such file or directory
 #include <ac_nonexistent.h>
                            ^
compilation terminated.
configure:7761: $? = 1
configure: failed program was:
| /* confdefs.h */
| #define PACKAGE_NAME "libtracethreat_nrml"
| #define PACKAGE_TARNAME "libtracethreat_nrml"
| #define PACKAGE_VERSION "1"
| #define PACKAGE_STRING "libtracethreat_nrml 1"
| #define PACKAGE_BUGREPORT "rchatsiri@treadstone.systems"
| #define PACKAGE_URL ""
| /* end confdefs.h.  */
| #include <ac_nonexistent.h>
configure:7786: result: gcc -E
configure:7806: gcc -E -I/home/chatsiri/workspacecpp/gtest-1.6.0/include -I/home/chatsiri/sda1/workspacecpp/boost_1_57_0/ -I/home/chatsiri/sda1/workspacecpp/google-glog/build/include -I/home/chatsiri/sda1/workspacecpp/rocksdb/include -I/home/chatsiri/sda1/workspacecpp/folly -I/home/chatsiri/sda1/workspacecpp/treadstoneproject/tracethreat_nrml/src -I/home/chatsiri/sda1/workspacecpp/mongo-cxx-driver/build/include -I/home/chatsiri/sda1/workspacecpp/thrift/lib/cpp/src -I/home/chatsiri/sda1/workspacecpp/gflags/build/include conftest.c
configure:7806: $? = 0
configure:7820: gcc -E -I/home/chatsiri/workspacecpp/gtest-1.6.0/include -I/home/chatsiri/sda1/workspacecpp/boost_1_57_0/ -I/home/chatsiri/sda1/workspacecpp/google-glog/build/include -I/home/chatsiri/sda1/workspacecpp/rocksdb/include -I/home/chatsiri/sda1/workspacecpp/folly -I/home/chatsiri/sda1/workspacecpp/treadstoneproject/tracethreat_nrml/src -I/home/chatsiri/sda1/workspacecpp/mongo-cxx-driver/build/include -I/home/chatsiri/sda1/workspacecpp/thrift/lib/cpp/src -I/home/chatsiri/sda1/workspacecpp/gflags/build/include conftest.c
conftest.c:9:28: fatal error: ac_nonexistent.h: No such file or directory
 #include <ac_nonexistent.h>
                            ^
compilation terminated.
configure:7820: $? = 1
configure: failed program was:
| /* confdefs.h */
| #define PACKAGE_NAME "libtracethreat_nrml"
| #define PACKAGE_TARNAME "libtracethreat_nrml"
| #define PACKAGE_VERSION "1"
| #define PACKAGE_STRING "libtracethreat_nrml 1"
| #define PACKAGE_BUGREPORT "rchatsiri@treadstone.systems"
| #define PACKAGE_URL ""
| /* end confdefs.h.  */
| #include <ac_nonexistent.h>
configure:7849: checking for ANSI C header files
configure:7869: gcc -c -g -O2 -I/home/chatsiri/workspacecpp/gtest-1.6.0/include -I/home/chatsiri/sda1/workspacecpp/boost_1_57_0/ -I/home/chatsiri/sda1/workspacecpp/google-glog/build/include -I/home/chatsiri/sda1/workspacecpp/rocksdb/include -I/home/chatsiri/sda1/workspacecpp/folly -I/home/chatsiri/sda1/workspacecpp/treadstoneproject/tracethreat_nrml/src -I/home/chatsiri/sda1/workspacecpp/mongo-cxx-driver/build/include -I/home/chatsiri/sda1/workspacecpp/thrift/lib/cpp/src -I/home/chatsiri/sda1/workspacecpp/gflags/build/include conftest.c >&5
configure:7869: $? = 0
configure:7942: gcc -o conftest -g -O2 -I/home/chatsiri/workspacecpp/gtest-1.6.0/include -I/home/chatsiri/sda1/workspacecpp/boost_1_57_0/ -I/home/chatsiri/sda1/workspacecpp/google-glog/build/include -I/home/chatsiri/sda1/workspacecpp/rocksdb/include -I/home/chatsiri/sda1/workspacecpp/folly -I/home/chatsiri/sda1/workspacecpp/treadstoneproject/tracethreat_nrml/src -I/home/chatsiri/sda1/workspacecpp/mongo-cxx-driver/build/include -I/home/chatsiri/sda1/workspacecpp/thrift/lib/cpp/src -I/home/chatsiri/sda1/workspacecpp/gflags/build/include -Wl,--no-as-needed -L/home/chatsiri/workspacecpp/gtest-1.6.0/lib -L/home/chatsiri/sda1/workspacecpp/boost_1_57_0/stage/lib -L/usr/lib64 -L/home/chatsiri/sda1/workspacecpp/google-glog/build/lib -L/home/chatsiri/sda1/workspacecpp/rocksdb/ -L/home/chatsiri/sda1/workspacecpp/folly/folly/build/lib -lfolly  -Wl,-rpath,/home/chatsiri/sda1/workspacecpp/boost_1_57_0/stage/lib -L/home/chatsiri/sda1/workspacecpp/mongo-cxx-driver/build/lib -L/home/chatsiri/sda1/workspacecpp/thrift/build/lib -L/home/chatsiri/sda1/workspacecpp/gflags/build/lib conftest.c -lgtest -lglog -lgflags -lfolly -lthrift -lmongoclient -lrocksdb >&5
configure:7942: $? = 0
configure:7942: ./conftest
./conftest: error while loading shared libraries: libthrift-1.0.0-dev.so: cannot open shared object file: No such file or directory
configure:7942: $? = 127
configure: program exited with status 127
configure: failed program was:
| /* confdefs.h */
| #define PACKAGE_NAME "libtracethreat_nrml"
| #define PACKAGE_TARNAME "libtracethreat_nrml"
| #define PACKAGE_VERSION "1"
| #define PACKAGE_STRING "libtracethreat_nrml 1"
| #define PACKAGE_BUGREPORT "rchatsiri@treadstone.systems"
| #define PACKAGE_URL ""
| /* end confdefs.h.  */
| #include <ctype.h>
| #include <stdlib.h>
| #if ((' ' & 0x0FF) == 0x020)
| # define ISLOWER(c) ('a' <= (c) && (c) <= 'z')
| # define TOUPPER(c) (ISLOWER(c) ? 'A' + ((c) - 'a') : (c))
| #else
| # define ISLOWER(c) 		   (('a' <= (c) && (c) <= 'i') 		     || ('j' <= (c) && (c) <= 'r') 		     || ('s' <= (c) && (c) <= 'z'))
| # define TOUPPER(c) (ISLOWER(c) ? ((c) | 0x40) : (c))
| #endif
| 
| #define XOR(e, f) (((e) && !(f)) || (!(e) && (f)))
| int
| main ()
| {
|   int i;
|   for (i = 0; i < 256; i++)
|     if (XOR (islower (i), ISLOWER (i))
| 	|| toupper (i) != TOUPPER (i))
|       return 2;
|   return 0;
| }
configure:7953: result: no
configure:7966: checking for sys/types.h
configure:7966: gcc -c -g -O2 -I/home/chatsiri/workspacecpp/gtest-1.6.0/include -I/home/chatsiri/sda1/workspacecpp/boost_1_57_0/ -I/home/chatsiri/sda1/workspacecpp/google-glog/build/include -I/home/chatsiri/sda1/workspacecpp/rocksdb/include -I/home/chatsiri/sda1/workspacecpp/folly -I/home/chatsiri/sda1/workspacecpp/treadstoneproject/tracethreat_nrml/src -I/home/chatsiri/sda1/workspacecpp/mongo-cxx-driver/build/include -I/home/chatsiri/sda1/workspacecpp/thrift/lib/cpp/src -I/home/chatsiri/sda1/workspacecpp/gflags/build/include conftest.c >&5
configure:7966: $? = 0
configure:7966: result: yes
configure:7966: checking for sys/stat.h
configure:7966: gcc -c -g -O2 -I/home/chatsiri/workspacecpp/gtest-1.6.0/include -I/home/chatsiri/sda1/workspacecpp/boost_1_57_0/ -I/home/chatsiri/sda1/workspacecpp/google-glog/build/include -I/home/chatsiri/sda1/workspacecpp/rocksdb/include -I/home/chatsiri/sda1/workspacecpp/folly -I/home/chatsiri/sda1/workspacecpp/treadstoneproject/tracethreat_nrml/src -I/home/chatsiri/sda1/workspacecpp/mongo-cxx-driver/build/include -I/home/chatsiri/sda1/workspacecpp/thrift/lib/cpp/src -I/home/chatsiri/sda1/workspacecpp/gflags/build/include conftest.c >&5
configure:7966: $? = 0
configure:7966: result: yes
configure:7966: checking for stdlib.h
configure:7966: gcc -c -g -O2 -I/home/chatsiri/workspacecpp/gtest-1.6.0/include -I/home/chatsiri/sda1/workspacecpp/boost_1_57_0/ -I/home/chatsiri/sda1/workspacecpp/google-glog/build/include -I/home/chatsiri/sda1/workspacecpp/rocksdb/include -I/home/chatsiri/sda1/workspacecpp/folly -I/home/chatsiri/sda1/workspacecpp/treadstoneproject/tracethreat_nrml/src -I/home/chatsiri/sda1/workspacecpp/mongo-cxx-driver/build/include -I/home/chatsiri/sda1/workspacecpp/thrift/lib/cpp/src -I/home/chatsiri/sda1/workspacecpp/gflags/build/include conftest.c >&5
configure:7966: $? = 0
configure:7966: result: yes
configure:7966: checking for string.h
configure:7966: gcc -c -g -O2 -I/home/chatsiri/workspacecpp/gtest-1.6.0/include -I/home/chatsiri/sda1/workspacecpp/boost_1_57_0/ -I/home/chatsiri/sda1/workspacecpp/google-glog/build/include -I/home/chatsiri/sda1/workspacecpp/rocksdb/include -I/home/chatsiri/sda1/workspacecpp/folly -I/home/chatsiri/sda1/workspacecpp/treadstoneproject/tracethreat_nrml/src -I/home/chatsiri/sda1/workspacecpp/mongo-cxx-driver/build/include -I/home/chatsiri/sda1/workspacecpp/thrift/lib/cpp/src -I/home/chatsiri/sda1/workspacecpp/gflags/build/include conftest.c >&5
configure:7966: $? = 0
configure:7966: result: yes
configure:7966: checking for memory.h
configure:7966: gcc -c -g -O2 -I/home/chatsiri/workspacecpp/gtest-1.6.0/include -I/home/chatsiri/sda1/workspacecpp/boost_1_57_0/ -I/home/chatsiri/sda1/workspacecpp/google-glog/build/include -I/home/chatsiri/sda1/workspacecpp/rocksdb/include -I/home/chatsiri/sda1/workspacecpp/folly -I/home/chatsiri/sda1/workspacecpp/treadstoneproject/tracethreat_nrml/src -I/home/chatsiri/sda1/workspacecpp/mongo-cxx-driver/build/include -I/home/chatsiri/sda1/workspacecpp/thrift/lib/cpp/src -I/home/chatsiri/sda1/workspacecpp/gflags/build/include conftest.c >&5
configure:7966: $? = 0
configure:7966: result: yes
configure:7966: checking for strings.h
configure:7966: gcc -c -g -O2 -I/home/chatsiri/workspacecpp/gtest-1.6.0/include -I/home/chatsiri/sda1/workspacecpp/boost_1_57_0/ -I/home/chatsiri/sda1/workspacecpp/google-glog/build/include -I/home/chatsiri/sda1/workspacecpp/rocksdb/include -I/home/chatsiri/sda1/workspacecpp/folly -I/home/chatsiri/sda1/workspacecpp/treadstoneproject/tracethreat_nrml/src -I/home/chatsiri/sda1/workspacecpp/mongo-cxx-driver/build/include -I/home/chatsiri/sda1/workspacecpp/thrift/lib/cpp/src -I/home/chatsiri/sda1/workspacecpp/gflags/build/include conftest.c >&5
configure:7966: $? = 0
configure:7966: result: yes
configure:7966: checking for inttypes.h
configure:7966: gcc -c -g -O2 -I/home/chatsiri/workspacecpp/gtest-1.6.0/include -I/home/chatsiri/sda1/workspacecpp/boost_1_57_0/ -I/home/chatsiri/sda1/workspacecpp/google-glog/build/include -I/home/chatsiri/sda1/workspacecpp/rocksdb/include -I/home/chatsiri/sda1/workspacecpp/folly -I/home/chatsiri/sda1/workspacecpp/treadstoneproject/tracethreat_nrml/src -I/home/chatsiri/sda1/workspacecpp/mongo-cxx-driver/build/include -I/home/chatsiri/sda1/workspacecpp/thrift/lib/cpp/src -I/home/chatsiri/sda1/workspacecpp/gflags/build/include conftest.c >&5
configure:7966: $? = 0
configure:7966: result: yes
configure:7966: checking for stdint.h
configure:7966: gcc -c -g -O2 -I/home/chatsiri/workspacecpp/gtest-1.6.0/include -I/home/chatsiri/sda1/workspacecpp/boost_1_57_0/ -I/home/chatsiri/sda1/workspacecpp/google-glog/build/include -I/home/chatsiri/sda1/workspacecpp/rocksdb/include -I/home/chatsiri/sda1/workspacecpp/folly -I/home/chatsiri/sda1/workspacecpp/treadstoneproject/tracethreat_nrml/src -I/home/chatsiri/sda1/workspacecpp/mongo-cxx-driver/build/include -I/home/chatsiri/sda1/workspacecpp/thrift/lib/cpp/src -I/home/chatsiri/sda1/workspacecpp/gflags/build/include conftest.c >&5
configure:7966: $? = 0
configure:7966: result: yes
configure:7966: checking for unistd.h
configure:7966: gcc -c -g -O2 -I/home/chatsiri/workspacecpp/gtest-1.6.0/include -I/home/chatsiri/sda1/workspacecpp/boost_1_57_0/ -I/home/chatsiri/sda1/workspacecpp/google-glog/build/include -I/home/chatsiri/sda1/workspacecpp/rocksdb/include -I/home/chatsiri/sda1/workspacecpp/folly -I/home/chatsiri/sda1/workspacecpp/treadstoneproject/tracethreat_nrml/src -I/home/chatsiri/sda1/workspacecpp/mongo-cxx-driver/build/include -I/home/chatsiri/sda1/workspacecpp/thrift/lib/cpp/src -I/home/chatsiri/sda1/workspacecpp/gflags/build/include conftest.c >&5
configure:7966: $? = 0
configure:7966: result: yes
configure:7980: checking for dlfcn.h
configure:7980: gcc -c -g -O2 -I/home/chatsiri/workspacecpp/gtest-1.6.0/include -I/home/chatsiri/sda1/workspacecpp/boost_1_57_0/ -I/home/chatsiri/sda1/workspacecpp/google-glog/build/include -I/home/chatsiri/sda1/workspacecpp/rocksdb/include -I/home/chatsiri/sda1/workspacecpp/folly -I/home/chatsiri/sda1/workspacecpp/treadstoneproject/tracethreat_nrml/src -I/home/chatsiri/sda1/workspacecpp/mongo-cxx-driver/build/include -I/home/chatsiri/sda1/workspacecpp/thrift/lib/cpp/src -I/home/chatsiri/sda1/workspacecpp/gflags/build/include conftest.c >&5
configure:7980: $? = 0
configure:7980: result: yes
configure:8196: checking for objdir
configure:8211: result: .libs
configure:8482: checking if gcc supports -fno-rtti -fno-exceptions
configure:8500: gcc -c -g -O2 -I/home/chatsiri/workspacecpp/gtest-1.6.0/include -I/home/chatsiri/sda1/workspacecpp/boost_1_57_0/ -I/home/chatsiri/sda1/workspacecpp/google-glog/build/include -I/home/chatsiri/sda1/workspacecpp/rocksdb/include -I/home/chatsiri/sda1/workspacecpp/folly -I/home/chatsiri/sda1/workspacecpp/treadstoneproject/tracethreat_nrml/src -I/home/chatsiri/sda1/workspacecpp/mongo-cxx-driver/build/include -I/home/chatsiri/sda1/workspacecpp/thrift/lib/cpp/src -I/home/chatsiri/sda1/workspacecpp/gflags/build/include -fno-rtti -fno-exceptions conftest.c >&5
cc1: warning: command line option '-fno-rtti' is valid for C++/ObjC++ but not for C [enabled by default]
configure:8504: $? = 0
configure:8517: result: no
configure:8844: checking for gcc option to produce PIC
configure:8851: result: -fPIC -DPIC
configure:8859: checking if gcc PIC flag -fPIC -DPIC works
configure:8877: gcc -c -g -O2 -I/home/chatsiri/workspacecpp/gtest-1.6.0/include -I/home/chatsiri/sda1/workspacecpp/boost_1_57_0/ -I/home/chatsiri/sda1/workspacecpp/google-glog/build/include -I/home/chatsiri/sda1/workspacecpp/rocksdb/include -I/home/chatsiri/sda1/workspacecpp/folly -I/home/chatsiri/sda1/workspacecpp/treadstoneproject/tracethreat_nrml/src -I/home/chatsiri/sda1/workspacecpp/mongo-cxx-driver/build/include -I/home/chatsiri/sda1/workspacecpp/thrift/lib/cpp/src -I/home/chatsiri/sda1/workspacecpp/gflags/build/include -fPIC -DPIC -DPIC conftest.c >&5
configure:8881: $? = 0
configure:8894: result: yes
configure:8923: checking if gcc static flag -static works
configure:8951: result: yes
configure:8966: checking if gcc supports -c -o file.o
configure:8987: gcc -c -g -O2 -I/home/chatsiri/workspacecpp/gtest-1.6.0/include -I/home/chatsiri/sda1/workspacecpp/boost_1_57_0/ -I/home/chatsiri/sda1/workspacecpp/google-glog/build/include -I/home/chatsiri/sda1/workspacecpp/rocksdb/include -I/home/chatsiri/sda1/workspacecpp/folly -I/home/chatsiri/sda1/workspacecpp/treadstoneproject/tracethreat_nrml/src -I/home/chatsiri/sda1/workspacecpp/mongo-cxx-driver/build/include -I/home/chatsiri/sda1/workspacecpp/thrift/lib/cpp/src -I/home/chatsiri/sda1/workspacecpp/gflags/build/include -o out/conftest2.o conftest.c >&5
configure:8991: $? = 0
configure:9013: result: yes
configure:9021: checking if gcc supports -c -o file.o
configure:9068: result: yes
configure:9101: checking whether the gcc linker (/usr/bin/ld -m elf_x86_64) supports shared libraries
configure:10258: result: yes
configure:10295: checking whether -lc should be explicitly linked in
configure:10303: gcc -c -g -O2 -I/home/chatsiri/workspacecpp/gtest-1.6.0/include -I/home/chatsiri/sda1/workspacecpp/boost_1_57_0/ -I/home/chatsiri/sda1/workspacecpp/google-glog/build/include -I/home/chatsiri/sda1/workspacecpp/rocksdb/include -I/home/chatsiri/sda1/workspacecpp/folly -I/home/chatsiri/sda1/workspacecpp/treadstoneproject/tracethreat_nrml/src -I/home/chatsiri/sda1/workspacecpp/mongo-cxx-driver/build/include -I/home/chatsiri/sda1/workspacecpp/thrift/lib/cpp/src -I/home/chatsiri/sda1/workspacecpp/gflags/build/include conftest.c >&5
configure:10306: $? = 0
configure:10321: gcc -shared  -fPIC -DPIC conftest.o  -v -Wl,-soname -Wl,conftest -o conftest 2\>\&1 \| /bin/grep  -lc  \>/dev/null 2\>\&1
configure:10324: $? = 0
configure:10338: result: no
configure:10498: checking dynamic linker characteristics
configure:11009: gcc -o conftest -g -O2 -I/home/chatsiri/workspacecpp/gtest-1.6.0/include -I/home/chatsiri/sda1/workspacecpp/boost_1_57_0/ -I/home/chatsiri/sda1/workspacecpp/google-glog/build/include -I/home/chatsiri/sda1/workspacecpp/rocksdb/include -I/home/chatsiri/sda1/workspacecpp/folly -I/home/chatsiri/sda1/workspacecpp/treadstoneproject/tracethreat_nrml/src -I/home/chatsiri/sda1/workspacecpp/mongo-cxx-driver/build/include -I/home/chatsiri/sda1/workspacecpp/thrift/lib/cpp/src -I/home/chatsiri/sda1/workspacecpp/gflags/build/include -Wl,--no-as-needed -L/home/chatsiri/workspacecpp/gtest-1.6.0/lib -L/home/chatsiri/sda1/workspacecpp/boost_1_57_0/stage/lib -L/usr/lib64 -L/home/chatsiri/sda1/workspacecpp/google-glog/build/lib -L/home/chatsiri/sda1/workspacecpp/rocksdb/ -L/home/chatsiri/sda1/workspacecpp/folly/folly/build/lib -lfolly  -Wl,-rpath,/home/chatsiri/sda1/workspacecpp/boost_1_57_0/stage/lib -L/home/chatsiri/sda1/workspacecpp/mongo-cxx-driver/build/lib -L/home/chatsiri/sda1/workspacecpp/thrift/build/lib -L/home/chatsiri/sda1/workspacecpp/gflags/build/lib -Wl,-rpath -Wl,/foo conftest.c -lgtest -lglog -lgflags -lfolly -lthrift -lmongoclient -lrocksdb >&5
configure:11009: $? = 0
configure:11243: result: GNU/Linux ld.so
configure:11350: checking how to hardcode library paths into programs
configure:11375: result: immediate
configure:11915: checking whether stripping libraries is possible
configure:11920: result: yes
configure:11955: checking if libtool supports shared libraries
configure:11957: result: yes
configure:11960: checking whether to build shared libraries
configure:11981: result: yes
configure:11984: checking whether to build static libraries
configure:11988: result: no
configure:12011: checking how to run the C++ preprocessor
configure:12038: g++-4.8 -E -I/home/chatsiri/workspacecpp/gtest-1.6.0/include -I/home/chatsiri/sda1/workspacecpp/boost_1_57_0/ -I/home/chatsiri/sda1/workspacecpp/google-glog/build/include -I/home/chatsiri/sda1/workspacecpp/rocksdb/include -I/home/chatsiri/sda1/workspacecpp/folly -I/home/chatsiri/sda1/workspacecpp/treadstoneproject/tracethreat_nrml/src -I/home/chatsiri/sda1/workspacecpp/mongo-cxx-driver/build/include -I/home/chatsiri/sda1/workspacecpp/thrift/lib/cpp/src -I/home/chatsiri/sda1/workspacecpp/gflags/build/include conftest.cpp
configure:12038: $? = 0
configure:12052: g++-4.8 -E -I/home/chatsiri/workspacecpp/gtest-1.6.0/include -I/home/chatsiri/sda1/workspacecpp/boost_1_57_0/ -I/home/chatsiri/sda1/workspacecpp/google-glog/build/include -I/home/chatsiri/sda1/workspacecpp/rocksdb/include -I/home/chatsiri/sda1/workspacecpp/folly -I/home/chatsiri/sda1/workspacecpp/treadstoneproject/tracethreat_nrml/src -I/home/chatsiri/sda1/workspacecpp/mongo-cxx-driver/build/include -I/home/chatsiri/sda1/workspacecpp/thrift/lib/cpp/src -I/home/chatsiri/sda1/workspacecpp/gflags/build/include conftest.cpp
conftest.cpp:20:28: fatal error: ac_nonexistent.h: No such file or directory
 #include <ac_nonexistent.h>
                            ^
compilation terminated.
configure:12052: $? = 1
configure: failed program was:
| /* confdefs.h */
| #define PACKAGE_NAME "libtracethreat_nrml"
| #define PACKAGE_TARNAME "libtracethreat_nrml"
| #define PACKAGE_VERSION "1"
| #define PACKAGE_STRING "libtracethreat_nrml 1"
| #define PACKAGE_BUGREPORT "rchatsiri@treadstone.systems"
| #define PACKAGE_URL ""
| #define HAVE_SYS_TYPES_H 1
| #define HAVE_SYS_STAT_H 1
| #define HAVE_STDLIB_H 1
| #define HAVE_STRING_H 1
| #define HAVE_MEMORY_H 1
| #define HAVE_STRINGS_H 1
| #define HAVE_INTTYPES_H 1
| #define HAVE_STDINT_H 1
| #define HAVE_UNISTD_H 1
| #define HAVE_DLFCN_H 1
| #define LT_OBJDIR ".libs/"
| /* end confdefs.h.  */
| #include <ac_nonexistent.h>
configure:12077: result: g++-4.8 -E
configure:12097: g++-4.8 -E -I/home/chatsiri/workspacecpp/gtest-1.6.0/include -I/home/chatsiri/sda1/workspacecpp/boost_1_57_0/ -I/home/chatsiri/sda1/workspacecpp/google-glog/build/include -I/home/chatsiri/sda1/workspacecpp/rocksdb/include -I/home/chatsiri/sda1/workspacecpp/folly -I/home/chatsiri/sda1/workspacecpp/treadstoneproject/tracethreat_nrml/src -I/home/chatsiri/sda1/workspacecpp/mongo-cxx-driver/build/include -I/home/chatsiri/sda1/workspacecpp/thrift/lib/cpp/src -I/home/chatsiri/sda1/workspacecpp/gflags/build/include conftest.cpp
configure:12097: $? = 0
configure:12111: g++-4.8 -E -I/home/chatsiri/workspacecpp/gtest-1.6.0/include -I/home/chatsiri/sda1/workspacecpp/boost_1_57_0/ -I/home/chatsiri/sda1/workspacecpp/google-glog/build/include -I/home/chatsiri/sda1/workspacecpp/rocksdb/include -I/home/chatsiri/sda1/workspacecpp/folly -I/home/chatsiri/sda1/workspacecpp/treadstoneproject/tracethreat_nrml/src -I/home/chatsiri/sda1/workspacecpp/mongo-cxx-driver/build/include -I/home/chatsiri/sda1/workspacecpp/thrift/lib/cpp/src -I/home/chatsiri/sda1/workspacecpp/gflags/build/include conftest.cpp
conftest.cpp:20:28: fatal error: ac_nonexistent.h: No such file or directory
 #include <ac_nonexistent.h>
                            ^
compilation terminated.
configure:12111: $? = 1
configure: failed program was:
| /* confdefs.h */
| #define PACKAGE_NAME "libtracethreat_nrml"
| #define PACKAGE_TARNAME "libtracethreat_nrml"
| #define PACKAGE_VERSION "1"
| #define PACKAGE_STRING "libtracethreat_nrml 1"
| #define PACKAGE_BUGREPORT "rchatsiri@treadstone.systems"
| #define PACKAGE_URL ""
| #define HAVE_SYS_TYPES_H 1
| #define HAVE_SYS_STAT_H 1
| #define HAVE_STDLIB_H 1
| #define HAVE_STRING_H 1
| #define HAVE_MEMORY_H 1
| #define HAVE_STRINGS_H 1
| #define HAVE_INTTYPES_H 1
| #define HAVE_STDINT_H 1
| #define HAVE_UNISTD_H 1
| #define HAVE_DLFCN_H 1
| #define LT_OBJDIR ".libs/"
| /* end confdefs.h.  */
| #include <ac_nonexistent.h>
configure:12280: checking for ld used by g++-4.8
configure:12347: result: /usr/bin/ld -m elf_x86_64
configure:12354: checking if the linker (/usr/bin/ld -m elf_x86_64) is GNU ld
configure:12369: result: yes
configure:12424: checking whether the g++-4.8 linker (/usr/bin/ld -m elf_x86_64) supports shared libraries
configure:13429: result: yes
configure:13465: g++-4.8 -c -g -O2 -I/home/chatsiri/workspacecpp/gtest-1.6.0/include -I/home/chatsiri/sda1/workspacecpp/boost_1_57_0/ -I/home/chatsiri/sda1/workspacecpp/google-glog/build/include -I/home/chatsiri/sda1/workspacecpp/rocksdb/include -I/home/chatsiri/sda1/workspacecpp/folly -I/home/chatsiri/sda1/workspacecpp/treadstoneproject/tracethreat_nrml/src -I/home/chatsiri/sda1/workspacecpp/mongo-cxx-driver/build/include -I/home/chatsiri/sda1/workspacecpp/thrift/lib/cpp/src -I/home/chatsiri/sda1/workspacecpp/gflags/build/include conftest.cpp >&5
configure:13468: $? = 0
configure:13988: checking for g++-4.8 option to produce PIC
configure:13995: result: -fPIC -DPIC
configure:14003: checking if g++-4.8 PIC flag -fPIC -DPIC works
configure:14021: g++-4.8 -c -g -O2 -I/home/chatsiri/workspacecpp/gtest-1.6.0/include -I/home/chatsiri/sda1/workspacecpp/boost_1_57_0/ -I/home/chatsiri/sda1/workspacecpp/google-glog/build/include -I/home/chatsiri/sda1/workspacecpp/rocksdb/include -I/home/chatsiri/sda1/workspacecpp/folly -I/home/chatsiri/sda1/workspacecpp/treadstoneproject/tracethreat_nrml/src -I/home/chatsiri/sda1/workspacecpp/mongo-cxx-driver/build/include -I/home/chatsiri/sda1/workspacecpp/thrift/lib/cpp/src -I/home/chatsiri/sda1/workspacecpp/gflags/build/include -fPIC -DPIC -DPIC conftest.cpp >&5
configure:14025: $? = 0
configure:14038: result: yes
configure:14061: checking if g++-4.8 static flag -static works
configure:14089: result: yes
configure:14101: checking if g++-4.8 supports -c -o file.o
configure:14122: g++-4.8 -c -g -O2 -I/home/chatsiri/workspacecpp/gtest-1.6.0/include -I/home/chatsiri/sda1/workspacecpp/boost_1_57_0/ -I/home/chatsiri/sda1/workspacecpp/google-glog/build/include -I/home/chatsiri/sda1/workspacecpp/rocksdb/include -I/home/chatsiri/sda1/workspacecpp/folly -I/home/chatsiri/sda1/workspacecpp/treadstoneproject/tracethreat_nrml/src -I/home/chatsiri/sda1/workspacecpp/mongo-cxx-driver/build/include -I/home/chatsiri/sda1/workspacecpp/thrift/lib/cpp/src -I/home/chatsiri/sda1/workspacecpp/gflags/build/include -o out/conftest2.o conftest.cpp >&5
configure:14126: $? = 0
configure:14148: result: yes
configure:14153: checking if g++-4.8 supports -c -o file.o
configure:14200: result: yes
configure:14230: checking whether the g++-4.8 linker (/usr/bin/ld -m elf_x86_64) supports shared libraries
configure:14269: result: yes
configure:14410: checking dynamic linker characteristics
configure:15089: result: GNU/Linux ld.so
configure:15142: checking how to hardcode library paths into programs
configure:15167: result: immediate
configure:15439: creating ./config.status

## ---------------------- ##
## Running config.status. ##
## ---------------------- ##

This file was extended by libtracethreat_nrml config.status 1, which was
generated by GNU Autoconf 2.68.  Invocation command line was

  CONFIG_FILES    = 
  CONFIG_HEADERS  = 
  CONFIG_LINKS    = 
  CONFIG_COMMANDS = 
  $ ./config.status 

on chatsiri-ThinkPad-T420s

config.status:1087: creating src/bin/Makefile
config.status:1087: creating src/connector/Makefile
config.status:1087: creating src/utils/Makefile
config.status:1087: creating src/services/Makefile
config.status:1087: creating src/msg/Makefile
config.status:1087: creating Makefile
config.status:1259: executing depfiles commands
config.status:1259: executing libtool commands

## ---------------- ##
## Cache variables. ##
## ---------------- ##

ac_cv_build=x86_64-unknown-linux-gnu
ac_cv_c_compiler_gnu=yes
ac_cv_cxx_compiler_gnu=yes
ac_cv_env_CCC_set=
ac_cv_env_CCC_value=
ac_cv_env_CC_set=
ac_cv_env_CC_value=
ac_cv_env_CFLAGS_set=
ac_cv_env_CFLAGS_value=
ac_cv_env_CPPFLAGS_set=set
ac_cv_env_CPPFLAGS_value='-I/home/chatsiri/workspacecpp/gtest-1.6.0/include -I/home/chatsiri/sda1/workspacecpp/boost_1_57_0/ -I/home/chatsiri/sda1/workspacecpp/google-glog/build/include -I/home/chatsiri/sda1/workspacecpp/rocksdb/include -I/home/chatsiri/sda1/workspacecpp/folly -I/home/chatsiri/sda1/workspacecpp/treadstoneproject/tracethreat_nrml/src -I/home/chatsiri/sda1/workspacecpp/mongo-cxx-driver/build/include -I/home/chatsiri/sda1/workspacecpp/thrift/lib/cpp/src -I/home/chatsiri/sda1/workspacecpp/gflags/build/include'
ac_cv_env_CPP_set=
ac_cv_env_CPP_value=
ac_cv_env_CXXCPP_set=
ac_cv_env_CXXCPP_value=
ac_cv_env_CXXFLAGS_set=
ac_cv_env_CXXFLAGS_value=
ac_cv_env_CXX_set=set
ac_cv_env_CXX_value=g++-4.8
ac_cv_env_LDFLAGS_set=set
ac_cv_env_LDFLAGS_value='-Wl,--no-as-needed -L/home/chatsiri/workspacecpp/gtest-1.6.0/lib -L/home/chatsiri/sda1/workspacecpp/boost_1_57_0/stage/lib -L/usr/lib64 -L/home/chatsiri/sda1/workspacecpp/google-glog/build/lib -L/home/chatsiri/sda1/workspacecpp/rocksdb/ -L/home/chatsiri/sda1/workspacecpp/folly/folly/build/lib -lfolly  -Wl,-rpath,/home/chatsiri/sda1/workspacecpp/boost_1_57_0/stage/lib -L/home/chatsiri/sda1/workspacecpp/mongo-cxx-driver/build/lib -L/home/chatsiri/sda1/workspacecpp/thrift/build/lib -L/home/chatsiri/sda1/workspacecpp/gflags/build/lib'
ac_cv_env_LIBS_set=
ac_cv_env_LIBS_value=
ac_cv_env_build_alias_set=
ac_cv_env_build_alias_value=
ac_cv_env_host_alias_set=
ac_cv_env_host_alias_value=
ac_cv_env_target_alias_set=
ac_cv_env_target_alias_value=
ac_cv_header_dlfcn_h=yes
ac_cv_header_inttypes_h=yes
ac_cv_header_memory_h=yes
ac_cv_header_stdc=no
ac_cv_header_stdint_h=yes
ac_cv_header_stdlib_h=yes
ac_cv_header_string_h=yes
ac_cv_header_strings_h=yes
ac_cv_header_sys_stat_h=yes
ac_cv_header_sys_types_h=yes
ac_cv_header_unistd_h=yes
ac_cv_host=x86_64-unknown-linux-gnu
ac_cv_objext=o
ac_cv_path_EGREP='/bin/grep -E'
ac_cv_path_FGREP='/bin/grep -F'
ac_cv_path_GREP=/bin/grep
ac_cv_path_SED=/bin/sed
ac_cv_path_install='/usr/bin/install -c'
ac_cv_path_mkdir=/bin/mkdir
ac_cv_prog_AWK=gawk
ac_cv_prog_CPP='gcc -E'
ac_cv_prog_CXXCPP='g++-4.8 -E'
ac_cv_prog_ac_ct_AR=ar
ac_cv_prog_ac_ct_CC=gcc
ac_cv_prog_ac_ct_MANIFEST_TOOL=mt
ac_cv_prog_ac_ct_OBJDUMP=objdump
ac_cv_prog_ac_ct_RANLIB=ranlib
ac_cv_prog_ac_ct_STRIP=strip
ac_cv_prog_cc_c89=
ac_cv_prog_cc_g=yes
ac_cv_prog_cxx_g=yes
ac_cv_prog_make_make_set=yes
am_cv_CC_dependencies_compiler_type=gcc3
am_cv_CXX_dependencies_compiler_type=gcc3
lt_cv_ar_at_file=@
lt_cv_archive_cmds_need_lc=no
lt_cv_deplibs_check_method=pass_all
lt_cv_file_magic_cmd='$MAGIC_CMD'
lt_cv_file_magic_test_file=
lt_cv_ld_reload_flag=-r
lt_cv_nm_interface='BSD nm'
lt_cv_objdir=.libs
lt_cv_path_LD=/usr/bin/ld
lt_cv_path_LDCXX='/usr/bin/ld -m elf_x86_64'
lt_cv_path_NM='/usr/bin/nm -B'
lt_cv_path_mainfest_tool=no
lt_cv_prog_compiler_c_o=yes
lt_cv_prog_compiler_c_o_CXX=yes
lt_cv_prog_compiler_pic='-fPIC -DPIC'
lt_cv_prog_compiler_pic_CXX='-fPIC -DPIC'
lt_cv_prog_compiler_pic_works=yes
lt_cv_prog_compiler_pic_works_CXX=yes
lt_cv_prog_compiler_rtti_exceptions=no
lt_cv_prog_compiler_static_works=yes
lt_cv_prog_compiler_static_works_CXX=yes
lt_cv_prog_gnu_ld=yes
lt_cv_prog_gnu_ldcxx=yes
lt_cv_sharedlib_from_linklib_cmd='printf %s\n'
lt_cv_shlibpath_overrides_runpath=no
lt_cv_sys_global_symbol_pipe='sed -n -e '\''s/^.*[	 ]\([ABCDGIRSTW][ABCDGIRSTW]*\)[	 ][	 ]*\([_A-Za-z][_A-Za-z0-9]*\)$/\1 \2 \2/p'\'' | sed '\''/ __gnu_lto/d'\'''
lt_cv_sys_global_symbol_to_c_name_address='sed -n -e '\''s/^: \([^ ]*\)[ ]*$/  {\"\1\", (void *) 0},/p'\'' -e '\''s/^[ABCDGIRSTW]* \([^ ]*\) \([^ ]*\)$/  {"\2", (void *) \&\2},/p'\'''
lt_cv_sys_global_symbol_to_c_name_address_lib_prefix='sed -n -e '\''s/^: \([^ ]*\)[ ]*$/  {\"\1\", (void *) 0},/p'\'' -e '\''s/^[ABCDGIRSTW]* \([^ ]*\) \(lib[^ ]*\)$/  {"\2", (void *) \&\2},/p'\'' -e '\''s/^[ABCDGIRSTW]* \([^ ]*\) \([^ ]*\)$/  {"lib\2", (void *) \&\2},/p'\'''
lt_cv_sys_global_symbol_to_cdecl='sed -n -e '\''s/^T .* \(.*\)$/extern int \1();/p'\'' -e '\''s/^[ABCDGIRSTW]* .* \(.*\)$/extern char \1;/p'\'''
lt_cv_sys_max_cmd_len=1572864
lt_cv_to_host_file_cmd=func_convert_file_noop
lt_cv_to_tool_file_cmd=func_convert_file_noop

## ----------------- ##
## Output variables. ##
## ----------------- ##

ACLOCAL='${SHELL} /home/chatsiri/sda1/workspacecpp/treadstoneproject/tracethreat_nrml/missing --run aclocal-1.11'
AMDEPBACKSLASH='\'
AMDEP_FALSE='#'
AMDEP_TRUE=''
AMTAR='$${TAR-tar}'
AM_CXXFLAGS=''
AR='ar'
AUTOCONF='${SHELL} /home/chatsiri/sda1/workspacecpp/treadstoneproject/tracethreat_nrml/missing --run autoconf'
AUTOHEADER='${SHELL} /home/chatsiri/sda1/workspacecpp/treadstoneproject/tracethreat_nrml/missing --run autoheader'
AUTOMAKE='${SHELL} /home/chatsiri/sda1/workspacecpp/treadstoneproject/tracethreat_nrml/missing --run automake-1.11'
AWK='gawk'
CC='gcc'
CCDEPMODE='depmode=gcc3'
CFLAGS='-g -O2'
CPP='gcc -E'
CPPFLAGS='-I/home/chatsiri/workspacecpp/gtest-1.6.0/include -I/home/chatsiri/sda1/workspacecpp/boost_1_57_0/ -I/home/chatsiri/sda1/workspacecpp/google-glog/build/include -I/home/chatsiri/sda1/workspacecpp/rocksdb/include -I/home/chatsiri/sda1/workspacecpp/folly -I/home/chatsiri/sda1/workspacecpp/treadstoneproject/tracethreat_nrml/src -I/home/chatsiri/sda1/workspacecpp/mongo-cxx-driver/build/include -I/home/chatsiri/sda1/workspacecpp/thrift/lib/cpp/src -I/home/chatsiri/sda1/workspacecpp/gflags/build/include'
CXX='g++-4.8'
CXXCPP='g++-4.8 -E'
CXXDEPMODE='depmode=gcc3'
CXXFLAGS='-g -O2'
CYGPATH_W='echo'
DEFS='-DPACKAGE_NAME=\"libtracethreat_nrml\" -DPACKAGE_TARNAME=\"libtracethreat_nrml\" -DPACKAGE_VERSION=\"1\" -DPACKAGE_STRING=\"libtracethreat_nrml\ 1\" -DPACKAGE_BUGREPORT=\"rchatsiri@treadstone.systems\" -DPACKAGE_URL=\"\" -DHAVE_SYS_TYPES_H=1 -DHAVE_SYS_STAT_H=1 -DHAVE_STDLIB_H=1 -DHAVE_STRING_H=1 -DHAVE_MEMORY_H=1 -DHAVE_STRINGS_H=1 -DHAVE_INTTYPES_H=1 -DHAVE_STDINT_H=1 -DHAVE_UNISTD_H=1 -DHAVE_DLFCN_H=1 -DLT_OBJDIR=\".libs/\"'
DEPDIR='.deps'
DLLTOOL='false'
DSYMUTIL=''
DUMPBIN=''
ECHO_C=''
ECHO_N='-n'
ECHO_T=''
EGREP='/bin/grep -E'
EXEEXT=''
FGREP='/bin/grep -F'
GREP='/bin/grep'
INSTALL_DATA='${INSTALL} -m 644'
INSTALL_PROGRAM='${INSTALL}'
INSTALL_SCRIPT='${INSTALL}'
INSTALL_STRIP_PROGRAM='$(install_sh) -c -s'
LD='/usr/bin/ld -m elf_x86_64'
LDFLAGS='-Wl,--no-as-needed -L/home/chatsiri/workspacecpp/gtest-1.6.0/lib -L/home/chatsiri/sda1/workspacecpp/boost_1_57_0/stage/lib -L/usr/lib64 -L/home/chatsiri/sda1/workspacecpp/google-glog/build/lib -L/home/chatsiri/sda1/workspacecpp/rocksdb/ -L/home/chatsiri/sda1/workspacecpp/folly/folly/build/lib -lfolly  -Wl,-rpath,/home/chatsiri/sda1/workspacecpp/boost_1_57_0/stage/lib -L/home/chatsiri/sda1/workspacecpp/mongo-cxx-driver/build/lib -L/home/chatsiri/sda1/workspacecpp/thrift/build/lib -L/home/chatsiri/sda1/workspacecpp/gflags/build/lib'
LIBOBJS=''
LIBS='-lgtest -lglog -lgflags -lfolly -lthrift -lmongoclient -lrocksdb'
LIBTOOL='$(SHELL) $(top_builddir)/libtool'
LIPO=''
LN_S='ln -s'
LTLIBOBJS=''
MAKEINFO='${SHELL} /home/chatsiri/sda1/workspacecpp/treadstoneproject/tracethreat_nrml/missing --run makeinfo'
MANIFEST_TOOL=':'
MKDIR_P='/bin/mkdir -p'
NM='/usr/bin/nm -B'
NMEDIT=''
OBJDUMP='objdump'
OBJEXT='o'
OTOOL64=''
OTOOL=''
PACKAGE='libtracethreat_nrml'
PACKAGE_BUGREPORT='rchatsiri@treadstone.systems'
PACKAGE_NAME='libtracethreat_nrml'
PACKAGE_STRING='libtracethreat_nrml 1'
PACKAGE_TARNAME='libtracethreat_nrml'
PACKAGE_URL=''
PACKAGE_VERSION='1'
PATH_SEPARATOR=':'
RANLIB='ranlib'
SED='/bin/sed'
SET_MAKE=''
SHELL='/bin/bash'
STRIP='strip'
TRACETHREAT_NRML_API_VERSION='0.0.1'
TRACETHREAT_NRML_SO_VERSION='0:1:0'
VERSION='1'
ac_ct_AR='ar'
ac_ct_CC='gcc'
ac_ct_CXX=''
ac_ct_DUMPBIN=''
am__EXEEXT_FALSE=''
am__EXEEXT_TRUE='#'
am__fastdepCC_FALSE='#'
am__fastdepCC_TRUE=''
am__fastdepCXX_FALSE='#'
am__fastdepCXX_TRUE=''
am__include='include'
am__isrc=''
am__leading_dot='.'
am__nodep='_no'
am__quote=''
am__tar='$${TAR-tar} chof - "$$tardir"'
am__untar='$${TAR-tar} xf -'
bindir='${exec_prefix}/bin'
build='x86_64-unknown-linux-gnu'
build_alias=''
build_cpu='x86_64'
build_os='linux-gnu'
build_vendor='unknown'
datadir='${datarootdir}'
datarootdir='${prefix}/share'
docdir='${datarootdir}/doc/${PACKAGE_TARNAME}'
dvidir='${docdir}'
exec_prefix='${prefix}'
host='x86_64-unknown-linux-gnu'
host_alias=''
host_cpu='x86_64'
host_os='linux-gnu'
host_vendor='unknown'
htmldir='${docdir}'
includedir='${prefix}/include'
infodir='${datarootdir}/info'
install_sh='${SHELL} /home/chatsiri/sda1/workspacecpp/treadstoneproject/tracethreat_nrml/install-sh'
libdir='${exec_prefix}/lib'
libexecdir='${exec_prefix}/libexec'
localedir='${datarootdir}/locale'
localstatedir='${prefix}/var'
mandir='${datarootdir}/man'
mkdir_p='/bin/mkdir -p'
oldincludedir='/usr/include'
pdfdir='${docdir}'
prefix='/usr/local'
program_transform_name='s,x,x,'
psdir='${docdir}'
sbindir='${exec_prefix}/sbin'
sharedstatedir='${prefix}/com'
sysconfdir='${prefix}/etc'
target_alias=''

## ----------- ##
## confdefs.h. ##
## ----------- ##

/* confdefs.h */
#define PACKAGE_NAME "libtracethreat_nrml"
#define PACKAGE_TARNAME "libtracethreat_nrml"
#define PACKAGE_VERSION "1"
#define PACKAGE_STRING "libtracethreat_nrml 1"
#define PACKAGE_BUGREPORT "rchatsiri@treadstone.systems"
#define PACKAGE_URL ""
#define HAVE_SYS_TYPES_H 1
#define HAVE_SYS_STAT_H 1
#define HAVE_STDLIB_H 1
#define HAVE_STRING_H 1
#define HAVE_MEMORY_H 1
#define HAVE_STRINGS_H 1
#define HAVE_INTTYPES_H 1
#define HAVE_STDINT_H 1
#define HAVE_UNISTD_H 1
#define HAVE_DLFCN_H 1
#define LT_OBJDIR ".libs/"

configure: exit 0

## ---------------------- ##
## Running config.status. ##
## ---------------------- ##

This file was extended by libtracethreat_nrml config.status 1, which was
generated by GNU Autoconf 2.68.  Invocation command line was

  CONFIG_FILES    = 
  CONFIG_HEADERS  = 
  CONFIG_LINKS    = 
  CONFIG_COMMANDS = 
  $ ./config.status src/msg/Makefile depfiles

on chatsiri-ThinkPad-T420s

config.status:1087: creating src/msg/Makefile
config.status:1259: executing depfiles commands

## ---------------------- ##
## Running config.status. ##
## ---------------------- ##

This file was extended by libtracethreat_nrml config.status 1, which was
generated by GNU Autoconf 2.68.  Invocation command line was

  CONFIG_FILES    = 
  CONFIG_HEADERS  = 
  CONFIG_LINKS    = 
  CONFIG_COMMANDS = 
  $ ./config.status src/bin/Makefile depfiles

on chatsiri-ThinkPad-T420s

config.status:1087: creating src/bin/Makefile
config.status:1259: executing depfiles commands

## ---------------------- ##
## Running config.status. ##
## ---------------------- ##

This file was extended by libtracethreat_nrml config.status 1, which was
generated by GNU Autoconf 2.68.  Invocation command line was

  CONFIG_FILES    = 
  CONFIG_HEADERS  = 
  CONFIG_LINKS    = 
  CONFIG_COMMANDS = 
  $ ./config.status src/bin/Makefile depfiles

on chatsiri-ThinkPad-T420s

config.status:1087: creating src/bin/Makefile
config.status:1259: executing depfiles commands
