Build started 8/8/2558 15:48:31.
     1>Project "E:\workspacecpp\tracethreat-nrml\tracethreat-nrml\tracethreat-nrml.vcxproj" on node 2 (Build target(s)).
     1>InitializeBuildStatus:
         Creating "Debug\tracethreat-nrml.tlog\unsuccessfulbuild" because "AlwaysCreate" was specified.
       ClCompile:
         E:\Program Files (x86)\Microsoft Visual Studio 12.0\VC\bin\CL.exe /c /IE:\workspacecpp\thrift\lib\cpp\src /IE:\workspacecpp\glog\src\windows /IE:\workspacecpp\gflags\build\include /I"E:\workspacecpp\gtest-1.7.0_vcpp13\gtest-1.7.0\include" /IE:\workspacecpp\boost_1_55_0\boost_1_55_0 /I"E:\workspacecpp\tracethreat-nrml\src" /IF:\workspacecpp\rocksdb\include /ZI /nologo /W3 /WX- /Od /Oy- /D _UNICODE /D UNICODE /Gm /EHsc /RTC1 /MDd /GS /fp:precise /Zc:wchar_t- /Zc:forScope /Fo"Debug\\" /Fd"Debug\vc120.pdb" /Gd /TP /analyze- /errorReport:prompt ..\src\services\AuthenticationHandler.cpp
         AuthenticationHandler.cpp
     1>e:\workspacecpp\tracethreat-nrml\src\services\authenticationhandler.cpp(149): warning C4700: uninitialized local variable 'ttmatMessageError' used
       Lib:
         E:\Program Files (x86)\Microsoft Visual Studio 12.0\VC\bin\Lib.exe /OUT:"E:\workspacecpp\tracethreat-nrml\Debug\tracethreat-nrml.lib" libglog.lib /LIBPATH:E:\workspacecpp\glog\vsprojects\libglog\Release /NOLOGO Debug\RocksDBActivator.obj
         Debug\RocksDBConnector.obj
         Debug\CredentialAccess.obj
         Debug\TestCore.obj
         Debug\authenication_constants.obj
         Debug\authenication_types.obj
         Debug\Authentication.obj
         Debug\AuthenticationHandler.obj
         Debug\Flags.obj
         Debug\TestUtils.obj
         Debug\stdafx.obj
         "Debug\tracethreat-nrml.obj"
         libglog.lib(logging.obj) : MSIL .netmodule or module compiled with /GL found; restarting link with /LTCG; add /LTCG to the link command line to improve linker performance
         tracethreat-nrml.vcxproj -> E:\workspacecpp\tracethreat-nrml\Debug\tracethreat-nrml.lib
       FinalizeBuildStatus:
         Deleting file "Debug\tracethreat-nrml.tlog\unsuccessfulbuild".
         Touching "Debug\tracethreat-nrml.tlog\tracethreat-nrml.lastbuildstate".
     1>Done Building Project "E:\workspacecpp\tracethreat-nrml\tracethreat-nrml\tracethreat-nrml.vcxproj" (Build target(s)).

Build succeeded.

Time Elapsed 00:00:02.52
