e:\workspacecpp\tracethreat-nrml\tracethreat-nrml\debug\vc120.pdb
e:\workspacecpp\tracethreat-nrml\tracethreat-nrml\debug\vc120.idb
e:\workspacecpp\tracethreat-nrml\tracethreat-nrml\debug\rocksdbactivator.obj
e:\workspacecpp\tracethreat-nrml\tracethreat-nrml\debug\rocksdbconnector.obj
e:\workspacecpp\tracethreat-nrml\tracethreat-nrml\debug\testcore.obj
e:\workspacecpp\tracethreat-nrml\tracethreat-nrml\debug\authenication_constants.obj
e:\workspacecpp\tracethreat-nrml\tracethreat-nrml\debug\authenication_types.obj
e:\workspacecpp\tracethreat-nrml\tracethreat-nrml\debug\authentication.obj
e:\workspacecpp\tracethreat-nrml\tracethreat-nrml\debug\authenticationhandler.obj
e:\workspacecpp\tracethreat-nrml\tracethreat-nrml\debug\flags.obj
e:\workspacecpp\tracethreat-nrml\tracethreat-nrml\debug\testutils.obj
e:\workspacecpp\tracethreat-nrml\tracethreat-nrml\debug\stdafx.obj
e:\workspacecpp\tracethreat-nrml\tracethreat-nrml\debug\tracethreat-nrml.obj
e:\workspacecpp\tracethreat-nrml\tracethreat-nrml\debug\credentialaccess.obj
e:\workspacecpp\tracethreat-nrml\debug\tracethreat-nrml.lib
e:\workspacecpp\tracethreat-nrml\tracethreat-nrml\debug\tracethreat-nrml.tlog\cl.command.1.tlog
e:\workspacecpp\tracethreat-nrml\tracethreat-nrml\debug\tracethreat-nrml.tlog\cl.read.1.tlog
e:\workspacecpp\tracethreat-nrml\tracethreat-nrml\debug\tracethreat-nrml.tlog\cl.write.1.tlog
e:\workspacecpp\tracethreat-nrml\tracethreat-nrml\debug\tracethreat-nrml.tlog\lib-link.20356.read.1.tlog
e:\workspacecpp\tracethreat-nrml\tracethreat-nrml\debug\tracethreat-nrml.tlog\lib-link.20356.write.1.tlog
e:\workspacecpp\tracethreat-nrml\tracethreat-nrml\debug\tracethreat-nrml.tlog\lib.command.1.tlog
